\BOOKMARK [2][-]{section*.1}{\376\377\000E\000x\000e\000c\000u\000t\000i\000v\000e\000\040\000S\000u\000m\000m\000a\000r\000y}{}% 1
\BOOKMARK [2][-]{section*.2}{\376\377\000P\000r\000i\000n\000c\000i\000p\000a\000l\000\040\000Q\000u\000a\000l\000i\000f\000i\000e\000r\000s}{}% 2
\BOOKMARK [2][-]{section*.3}{\376\377\000A\000l\000t\000e\000r\000n\000a\000t\000e\000s}{}% 3
\BOOKMARK [3][-]{section*.4}{\376\377\000B\000i\000c\000o\000l\000\040\000R\000e\000g\000i\000o\000n\000\040\000C\000a\000m\000p\000u\000s}{section*.3}% 4
\BOOKMARK [3][-]{section*.5}{\376\377\000C\000A\000R\000\040\000C\000a\000m\000p\000u\000s}{section*.3}% 5
\BOOKMARK [3][-]{section*.6}{\376\377\000C\000B\000Z\000R\000C\000\040\000C\000a\000m\000p\000u\000s}{section*.3}% 6
\BOOKMARK [3][-]{section*.7}{\376\377\000C\000e\000n\000t\000r\000a\000l\000\040\000L\000u\000z\000o\000n\000\040\000C\000a\000m\000p\000u\000s}{section*.3}% 7
\BOOKMARK [3][-]{section*.8}{\376\377\000C\000e\000n\000t\000r\000a\000l\000\040\000M\000i\000n\000d\000a\000n\000a\000o\000\040\000C\000a\000m\000p\000u\000s}{section*.3}% 8
\BOOKMARK [3][-]{section*.9}{\376\377\000C\000a\000r\000a\000g\000a\000\040\000R\000e\000g\000i\000o\000n\000\040\000C\000a\000m\000p\000u\000s}{section*.3}% 9
\BOOKMARK [3][-]{section*.10}{\376\377\000C\000a\000g\000a\000y\000a\000n\000\040\000V\000a\000l\000l\000e\000y\000\040\000C\000a\000m\000p\000u\000s}{section*.3}% 10
\BOOKMARK [3][-]{section*.11}{\376\377\000C\000e\000n\000t\000r\000a\000l\000\040\000V\000i\000s\000a\000y\000a\000s\000\040\000C\000a\000m\000p\000u\000s}{section*.3}% 11
\BOOKMARK [3][-]{section*.12}{\376\377\000E\000a\000s\000t\000e\000r\000n\000\040\000V\000i\000s\000a\000y\000a\000s\000\040\000C\000a\000m\000p\000u\000s}{section*.3}% 12
\BOOKMARK [3][-]{section*.13}{\376\377\000I\000l\000o\000c\000o\000s\000\040\000R\000e\000g\000i\000o\000n\000\040\000C\000a\000m\000p\000u\000s}{section*.3}% 13
\BOOKMARK [3][-]{section*.14}{\376\377\000M\000a\000i\000n\000\040\000C\000a\000m\000p\000u\000s}{section*.3}% 14
\BOOKMARK [3][-]{section*.15}{\376\377\000M\000I\000M\000A\000R\000O\000P\000A\000\040\000R\000e\000g\000i\000o\000n\000\040\000C\000a\000m\000p\000u\000s}{section*.3}% 15
\BOOKMARK [3][-]{section*.16}{\376\377\000S\000o\000u\000t\000h\000e\000r\000n\000\040\000M\000i\000n\000d\000a\000n\000a\000o\000\040\000C\000a\000m\000p\000u\000s}{section*.3}% 16
\BOOKMARK [3][-]{section*.17}{\376\377\000S\000R\000C\000\040\000C\000a\000m\000p\000u\000s}{section*.3}% 17
\BOOKMARK [3][-]{section*.18}{\376\377\000W\000e\000s\000t\000e\000r\000n\000\040\000V\000i\000s\000a\000y\000a\000s\000\040\000C\000a\000m\000p\000u\000s}{section*.3}% 18
\BOOKMARK [3][-]{section*.19}{\376\377\000C\000A\000R\000\040\000C\000a\000m\000p\000u\000s}{section*.3}% 19
\BOOKMARK [2][-]{section*.20}{\376\377\000P\000S\000H\000S\000\040\000S\000y\000s\000t\000e\000m}{}% 20
